<?xml version="1.0" encoding="UTF-8"?>
<!-- Generated by org.testng.reporters.JUnitXMLReporter -->
<testsuite hostname="ksprajapati-HP" ignored="0" name="Learning TestNG" tests="9" failures="0" timestamp="19 Aug 2017 16:25:15 GMT" time="0.225" errors="0">
  <testcase name="openBrowser" time="0.011" classname="basicTesting.SampleTestng"/>
  <testcase name="testcase2" time="0.002" classname="run.Test2"/>
  <testcase name="start" time="0.003" classname="run.Test1"/>
  <testcase name="endingpoint" time="0.016" classname="moreAnn.DataProvid"/>
  <testcase name="endingpoint" time="0.001" classname="moreAnn.DataProvid"/>
  <testcase name="openBrowser1" time="0.002" classname="moreAnn.BeforeAndAfter"/>
  <testcase name="openBrowser2" time="0.002" classname="basicTesting.SampleTestng"/>
  <testcase name="openBrowser2" time="0.002" classname="moreAnn.BeforeAndAfter"/>
  <testcase name="openBrowser1" time="0.015" classname="basicTesting.SampleTestng"/>
</testsuite> <!-- Learning TestNG -->
