<?xml version="1.0" encoding="UTF-8"?>
<testng-results skipped="0" failed="0" ignored="0" total="9" passed="9">
  <reporter-output>
  </reporter-output>
  <suite name="Learning Sample TestNG" duration-ms="225" started-at="2017-08-19T16:25:14Z" finished-at="2017-08-19T16:25:15Z">
    <groups>
    </groups>
    <test name="Learning TestNG" duration-ms="225" started-at="2017-08-19T16:25:14Z" finished-at="2017-08-19T16:25:15Z">
      <class name="moreAnn.BeforeAndAfter">
        <test-method status="PASS" signature="doLogin()[pri:0, instance:moreAnn.BeforeAndAfter@5ae9a829]" name="doLogin" is-config="true" duration-ms="53" started-at="2017-08-19T12:25:15Z" finished-at="2017-08-19T12:25:15Z">
          <reporter-output>
          </reporter-output>
        </test-method> <!-- doLogin -->
        <test-method status="PASS" signature="beforeMethod()[pri:0, instance:moreAnn.BeforeAndAfter@5ae9a829]" name="beforeMethod" is-config="true" duration-ms="1" started-at="2017-08-19T12:25:15Z" finished-at="2017-08-19T12:25:15Z">
          <reporter-output>
          </reporter-output>
        </test-method> <!-- beforeMethod -->
        <test-method status="PASS" signature="openBrowser1()[pri:1, instance:moreAnn.BeforeAndAfter@5ae9a829]" name="openBrowser1" duration-ms="2" started-at="2017-08-19T12:25:15Z" finished-at="2017-08-19T12:25:15Z">
          <reporter-output>
          </reporter-output>
        </test-method> <!-- openBrowser1 -->
        <test-method status="PASS" signature="afterMethod()[pri:0, instance:moreAnn.BeforeAndAfter@5ae9a829]" name="afterMethod" is-config="true" duration-ms="0" started-at="2017-08-19T12:25:15Z" finished-at="2017-08-19T12:25:15Z">
          <reporter-output>
          </reporter-output>
        </test-method> <!-- afterMethod -->
        <test-method status="PASS" signature="beforeMethod()[pri:0, instance:moreAnn.BeforeAndAfter@5ae9a829]" name="beforeMethod" is-config="true" duration-ms="1" started-at="2017-08-19T12:25:15Z" finished-at="2017-08-19T12:25:15Z">
          <reporter-output>
          </reporter-output>
        </test-method> <!-- beforeMethod -->
        <test-method status="PASS" signature="openBrowser2()[pri:2, instance:moreAnn.BeforeAndAfter@5ae9a829]" name="openBrowser2" duration-ms="2" started-at="2017-08-19T12:25:15Z" finished-at="2017-08-19T12:25:15Z">
          <reporter-output>
          </reporter-output>
        </test-method> <!-- openBrowser2 -->
        <test-method status="PASS" signature="afterMethod()[pri:0, instance:moreAnn.BeforeAndAfter@5ae9a829]" name="afterMethod" is-config="true" duration-ms="0" started-at="2017-08-19T12:25:15Z" finished-at="2017-08-19T12:25:15Z">
          <reporter-output>
          </reporter-output>
        </test-method> <!-- afterMethod -->
        <test-method status="PASS" signature="logout()[pri:0, instance:moreAnn.BeforeAndAfter@5ae9a829]" name="logout" is-config="true" duration-ms="0" started-at="2017-08-19T12:25:15Z" finished-at="2017-08-19T12:25:15Z">
          <reporter-output>
          </reporter-output>
        </test-method> <!-- logout -->
      </class> <!-- moreAnn.BeforeAndAfter -->
      <class name="run.Test1">
        <test-method status="PASS" signature="start()[pri:0, instance:run.Test1@7ac7a4e4]" name="start" duration-ms="3" started-at="2017-08-19T12:25:15Z" finished-at="2017-08-19T12:25:15Z">
          <reporter-output>
          </reporter-output>
        </test-method> <!-- start -->
      </class> <!-- run.Test1 -->
      <class name="run.Test2">
        <test-method status="PASS" signature="testcase2()[pri:0, instance:run.Test2@548b7f67]" name="testcase2" duration-ms="2" started-at="2017-08-19T12:25:15Z" finished-at="2017-08-19T12:25:15Z">
          <reporter-output>
          </reporter-output>
        </test-method> <!-- testcase2 -->
      </class> <!-- run.Test2 -->
      <class name="moreAnn.DataProvid">
        <test-method status="PASS" signature="endingpoint(java.lang.String, java.lang.String, java.lang.String)[pri:0, instance:moreAnn.DataProvid@6d78f375]" name="endingpoint" duration-ms="16" started-at="2017-08-19T12:25:15Z" data-provider="data" finished-at="2017-08-19T12:25:15Z">
          <params>
            <param index="0">
              <value>
                <![CDATA[name01]]>
              </value>
            </param>
            <param index="1">
              <value>
                <![CDATA[name11]]>
              </value>
            </param>
            <param index="2">
              <value>
                <![CDATA[name02]]>
              </value>
            </param>
          </params>
          <reporter-output>
          </reporter-output>
        </test-method> <!-- endingpoint -->
        <test-method status="PASS" signature="endingpoint(java.lang.String, java.lang.String, java.lang.String)[pri:0, instance:moreAnn.DataProvid@6d78f375]" name="endingpoint" duration-ms="1" started-at="2017-08-19T12:25:15Z" data-provider="data" finished-at="2017-08-19T12:25:15Z">
          <params>
            <param index="0">
              <value>
                <![CDATA[name01]]>
              </value>
            </param>
            <param index="1">
              <value>
                <![CDATA[name11]]>
              </value>
            </param>
            <param index="2">
              <value>
                <![CDATA[name22]]>
              </value>
            </param>
          </params>
          <reporter-output>
          </reporter-output>
        </test-method> <!-- endingpoint -->
      </class> <!-- moreAnn.DataProvid -->
      <class name="basicTesting.SampleTestng">
        <test-method status="PASS" signature="openBrowser()[pri:0, instance:basicTesting.SampleTestng@6d8a00e3]" name="openBrowser" duration-ms="11" started-at="2017-08-19T12:25:15Z" finished-at="2017-08-19T12:25:15Z">
          <reporter-output>
          </reporter-output>
        </test-method> <!-- openBrowser -->
        <test-method status="PASS" signature="openBrowser2()[pri:1, instance:basicTesting.SampleTestng@6d8a00e3]" name="openBrowser2" duration-ms="2" started-at="2017-08-19T12:25:15Z" finished-at="2017-08-19T12:25:15Z">
          <reporter-output>
          </reporter-output>
        </test-method> <!-- openBrowser2 -->
        <test-method status="PASS" signature="openBrowser1()[pri:2, instance:basicTesting.SampleTestng@6d8a00e3]" name="openBrowser1" duration-ms="15" started-at="2017-08-19T12:25:15Z" finished-at="2017-08-19T12:25:15Z">
          <reporter-output>
          </reporter-output>
        </test-method> <!-- openBrowser1 -->
      </class> <!-- basicTesting.SampleTestng -->
    </test> <!-- Learning TestNG -->
  </suite> <!-- Learning Sample TestNG -->
</testng-results>
